{"C:\\Users\\Protu\\Desktop\\Σχολη\\PROJECTS\\node-cf\\usersApp\\app.js": {"path":"C:\\Users\\Protu\\Desktop\\Σχολη\\PROJECTS\\node-cf\\usersApp\\app.js","statementMap":{"0":{"start":{"line":1,"column":16},"end":{"line":1,"column":34}},"1":{"start":{"line":2,"column":12},"end":{"line":2,"column":21}},"2":{"start":{"line":3,"column":13},"end":{"line":3,"column":28}},"3":{"start":{"line":5,"column":0},"end":{"line":5,"column":24}},"4":{"start":{"line":6,"column":0},"end":{"line":6,"column":46}},"5":{"start":{"line":8,"column":18},"end":{"line":8,"column":47}},"6":{"start":{"line":9,"column":24},"end":{"line":9,"column":44}},"7":{"start":{"line":11,"column":13},"end":{"line":11,"column":44}},"8":{"start":{"line":12,"column":20},"end":{"line":12,"column":60}},"9":{"start":{"line":13,"column":13},"end":{"line":13,"column":44}},"10":{"start":{"line":19,"column":0},"end":{"line":19,"column":26}},"11":{"start":{"line":20,"column":0},"end":{"line":20,"column":27}},"12":{"start":{"line":21,"column":0},"end":{"line":21,"column":41}},"13":{"start":{"line":23,"column":0},"end":{"line":23,"column":37}},"14":{"start":{"line":25,"column":0},"end":{"line":29,"column":1}},"15":{"start":{"line":32,"column":0},"end":{"line":32,"column":20}}},"fnMap":{},"branchMap":{},"s":{"0":1,"1":1,"2":1,"3":1,"4":1,"5":1,"6":1,"7":1,"8":1,"9":1,"10":1,"11":1,"12":1,"13":1,"14":1,"15":1},"f":{},"b":{},"_coverageSchema":"1a1c01bbd47fc00a2c39e90264f33305004495a9","hash":"a2ca7a53606a672a74b5efcb9f37fd8544322fc5"}
,"C:\\Users\\Protu\\Desktop\\Σχολη\\PROJECTS\\node-cf\\usersApp\\swagger.js": {"path":"C:\\Users\\Protu\\Desktop\\Σχολη\\PROJECTS\\node-cf\\usersApp\\swagger.js","statementMap":{"0":{"start":{"line":1,"column":12},"end":{"line":1,"column":42}},"1":{"start":{"line":2,"column":13},"end":{"line":2,"column":43}},"2":{"start":{"line":4,"column":0},"end":{"line":257,"column":1}}},"fnMap":{},"branchMap":{},"s":{"0":1,"1":1,"2":1},"f":{},"b":{},"_coverageSchema":"1a1c01bbd47fc00a2c39e90264f33305004495a9","hash":"180030e40c92fd072cc8c89e6332f9f5a7e7fdd0"}
,"C:\\Users\\Protu\\Desktop\\Σχολη\\PROJECTS\\node-cf\\usersApp\\controllers\\auth.controller.js": {"path":"C:\\Users\\Protu\\Desktop\\Σχολη\\PROJECTS\\node-cf\\usersApp\\controllers\\auth.controller.js","statementMap":{"0":{"start":{"line":1,"column":15},"end":{"line":1,"column":32}},"1":{"start":{"line":2,"column":13},"end":{"line":2,"column":44}},"2":{"start":{"line":3,"column":20},"end":{"line":3,"column":55}},"3":{"start":{"line":5,"column":0},"end":{"line":27,"column":1}},"4":{"start":{"line":6,"column":2},"end":{"line":6,"column":38}},"5":{"start":{"line":8,"column":19},"end":{"line":8,"column":36}},"6":{"start":{"line":9,"column":19},"end":{"line":9,"column":36}},"7":{"start":{"line":11,"column":2},"end":{"line":26,"column":3}},"8":{"start":{"line":12,"column":19},"end":{"line":12,"column":102}},"9":{"start":{"line":13,"column":4},"end":{"line":13,"column":32}},"10":{"start":{"line":14,"column":20},"end":{"line":14,"column":67}},"11":{"start":{"line":17,"column":4},"end":{"line":22,"column":5}},"12":{"start":{"line":18,"column":20},"end":{"line":18,"column":59}},"13":{"start":{"line":19,"column":6},"end":{"line":19,"column":56}},"14":{"start":{"line":21,"column":6},"end":{"line":21,"column":72}},"15":{"start":{"line":24,"column":4},"end":{"line":24,"column":43}},"16":{"start":{"line":25,"column":4},"end":{"line":25,"column":52}},"17":{"start":{"line":29,"column":0},"end":{"line":45,"column":1}},"18":{"start":{"line":30,"column":15},"end":{"line":30,"column":29}},"19":{"start":{"line":32,"column":2},"end":{"line":43,"column":3}},"20":{"start":{"line":33,"column":4},"end":{"line":33,"column":80}},"21":{"start":{"line":35,"column":15},"end":{"line":35,"column":49}},"22":{"start":{"line":36,"column":4},"end":{"line":42,"column":5}},"23":{"start":{"line":37,"column":6},"end":{"line":37,"column":30}},"24":{"start":{"line":38,"column":6},"end":{"line":38,"column":54}},"25":{"start":{"line":41,"column":4},"end":{"line":41,"column":73}}},"fnMap":{"0":{"name":"(anonymous_0)","decl":{"start":{"line":5,"column":16},"end":{"line":5,"column":17}},"loc":{"start":{"line":5,"column":34},"end":{"line":27,"column":1}},"line":5},"1":{"name":"(anonymous_1)","decl":{"start":{"line":29,"column":22},"end":{"line":29,"column":23}},"loc":{"start":{"line":29,"column":41},"end":{"line":45,"column":1}},"line":29}},"branchMap":{"0":{"loc":{"start":{"line":17,"column":4},"end":{"line":22,"column":5}},"type":"if","locations":[{"start":{"line":17,"column":4},"end":{"line":22,"column":5}},{"start":{"line":20,"column":11},"end":{"line":22,"column":5}}],"line":17},"1":{"loc":{"start":{"line":17,"column":8},"end":{"line":17,"column":57}},"type":"binary-expr","locations":[{"start":{"line":17,"column":8},"end":{"line":17,"column":14}},{"start":{"line":17,"column":18},"end":{"line":17,"column":46}},{"start":{"line":17,"column":50},"end":{"line":17,"column":57}}],"line":17},"2":{"loc":{"start":{"line":32,"column":2},"end":{"line":43,"column":3}},"type":"if","locations":[{"start":{"line":32,"column":2},"end":{"line":43,"column":3}},{"start":{"line":34,"column":9},"end":{"line":43,"column":3}}],"line":32},"3":{"loc":{"start":{"line":36,"column":4},"end":{"line":42,"column":5}},"type":"if","locations":[{"start":{"line":36,"column":4},"end":{"line":42,"column":5}},{"start":{"line":40,"column":11},"end":{"line":42,"column":5}}],"line":36}},"s":{"0":1,"1":1,"2":1,"3":1,"4":0,"5":0,"6":0,"7":0,"8":0,"9":0,"10":0,"11":0,"12":0,"13":0,"14":0,"15":0,"16":0,"17":1,"18":0,"19":0,"20":0,"21":0,"22":0,"23":0,"24":0,"25":0},"f":{"0":0,"1":0},"b":{"0":[0,0],"1":[0,0,0],"2":[0,0],"3":[0,0]},"_coverageSchema":"1a1c01bbd47fc00a2c39e90264f33305004495a9","hash":"9c80f5a074dc9709aef2598b95c9b74f00132250"}
,"C:\\Users\\Protu\\Desktop\\Σχολη\\PROJECTS\\node-cf\\usersApp\\controllers\\user.controller.js": {"path":"C:\\Users\\Protu\\Desktop\\Σχολη\\PROJECTS\\node-cf\\usersApp\\controllers\\user.controller.js","statementMap":{"0":{"start":{"line":1,"column":13},"end":{"line":1,"column":44}},"1":{"start":{"line":2,"column":20},"end":{"line":2,"column":56}},"2":{"start":{"line":3,"column":15},"end":{"line":3,"column":32}},"3":{"start":{"line":5,"column":15},"end":{"line":5,"column":42}},"4":{"start":{"line":7,"column":0},"end":{"line":23,"column":1}},"5":{"start":{"line":8,"column":4},"end":{"line":8,"column":55}},"6":{"start":{"line":10,"column":4},"end":{"line":22,"column":5}},"7":{"start":{"line":12,"column":23},"end":{"line":12,"column":50}},"8":{"start":{"line":13,"column":8},"end":{"line":13,"column":60}},"9":{"start":{"line":14,"column":8},"end":{"line":14,"column":51}},"10":{"start":{"line":15,"column":11},"end":{"line":15,"column":54}},"11":{"start":{"line":16,"column":11},"end":{"line":16,"column":45}},"12":{"start":{"line":18,"column":8},"end":{"line":18,"column":52}},"13":{"start":{"line":19,"column":8},"end":{"line":19,"column":64}},"14":{"start":{"line":21,"column":8},"end":{"line":21,"column":57}},"15":{"start":{"line":25,"column":0},"end":{"line":48,"column":1}},"16":{"start":{"line":26,"column":4},"end":{"line":26,"column":51}},"17":{"start":{"line":28,"column":19},"end":{"line":28,"column":38}},"18":{"start":{"line":30,"column":4},"end":{"line":47,"column":5}},"19":{"start":{"line":33,"column":23},"end":{"line":33,"column":58}},"20":{"start":{"line":35,"column":8},"end":{"line":39,"column":9}},"21":{"start":{"line":36,"column":12},"end":{"line":36,"column":63}},"22":{"start":{"line":38,"column":12},"end":{"line":38,"column":75}},"23":{"start":{"line":43,"column":8},"end":{"line":43,"column":51}},"24":{"start":{"line":45,"column":8},"end":{"line":45,"column":57}},"25":{"start":{"line":50,"column":0},"end":{"line":78,"column":1}},"26":{"start":{"line":51,"column":4},"end":{"line":51,"column":31}},"27":{"start":{"line":53,"column":15},"end":{"line":53,"column":23}},"28":{"start":{"line":55,"column":25},"end":{"line":55,"column":27}},"29":{"start":{"line":56,"column":27},"end":{"line":56,"column":73}},"30":{"start":{"line":58,"column":20},"end":{"line":68,"column":6}},"31":{"start":{"line":70,"column":4},"end":{"line":77,"column":5}},"32":{"start":{"line":71,"column":23},"end":{"line":71,"column":43}},"33":{"start":{"line":73,"column":8},"end":{"line":73,"column":59}},"34":{"start":{"line":75,"column":8},"end":{"line":75,"column":48}},"35":{"start":{"line":76,"column":8},"end":{"line":76,"column":58}},"36":{"start":{"line":81,"column":0},"end":{"line":105,"column":1}},"37":{"start":{"line":82,"column":21},"end":{"line":82,"column":38}},"38":{"start":{"line":84,"column":4},"end":{"line":84,"column":55}},"39":{"start":{"line":86,"column":23},"end":{"line":94,"column":5}},"40":{"start":{"line":96,"column":4},"end":{"line":104,"column":5}},"41":{"start":{"line":97,"column":21},"end":{"line":99,"column":19}},"42":{"start":{"line":100,"column":6},"end":{"line":100,"column":56}},"43":{"start":{"line":102,"column":6},"end":{"line":102,"column":51}},"44":{"start":{"line":103,"column":6},"end":{"line":103,"column":55}},"45":{"start":{"line":108,"column":0},"end":{"line":129,"column":1}},"46":{"start":{"line":109,"column":21},"end":{"line":109,"column":40}},"47":{"start":{"line":110,"column":4},"end":{"line":110,"column":55}},"48":{"start":{"line":112,"column":4},"end":{"line":128,"column":5}},"49":{"start":{"line":113,"column":23},"end":{"line":113,"column":72}},"50":{"start":{"line":115,"column":8},"end":{"line":117,"column":9}},"51":{"start":{"line":116,"column":12},"end":{"line":116,"column":85}},"52":{"start":{"line":119,"column":8},"end":{"line":119,"column":59}},"53":{"start":{"line":125,"column":8},"end":{"line":125,"column":53}},"54":{"start":{"line":127,"column":8},"end":{"line":127,"column":57}},"55":{"start":{"line":133,"column":0},"end":{"line":155,"column":1}},"56":{"start":{"line":134,"column":21},"end":{"line":134,"column":40}},"57":{"start":{"line":135,"column":18},"end":{"line":135,"column":34}},"58":{"start":{"line":136,"column":4},"end":{"line":136,"column":49}},"59":{"start":{"line":138,"column":4},"end":{"line":152,"column":5}},"60":{"start":{"line":139,"column":23},"end":{"line":139,"column":66}},"61":{"start":{"line":141,"column":8},"end":{"line":143,"column":9}},"62":{"start":{"line":142,"column":12},"end":{"line":142,"column":85}},"63":{"start":{"line":145,"column":8},"end":{"line":145,"column":59}},"64":{"start":{"line":149,"column":8},"end":{"line":149,"column":53}},"65":{"start":{"line":151,"column":8},"end":{"line":151,"column":57}}},"fnMap":{"0":{"name":"(anonymous_0)","decl":{"start":{"line":7,"column":18},"end":{"line":7,"column":19}},"loc":{"start":{"line":7,"column":38},"end":{"line":23,"column":1}},"line":7},"1":{"name":"(anonymous_1)","decl":{"start":{"line":25,"column":18},"end":{"line":25,"column":19}},"loc":{"start":{"line":25,"column":37},"end":{"line":48,"column":1}},"line":25},"2":{"name":"(anonymous_2)","decl":{"start":{"line":50,"column":17},"end":{"line":50,"column":18}},"loc":{"start":{"line":50,"column":37},"end":{"line":78,"column":1}},"line":50},"3":{"name":"(anonymous_3)","decl":{"start":{"line":81,"column":17},"end":{"line":81,"column":18}},"loc":{"start":{"line":81,"column":37},"end":{"line":105,"column":1}},"line":81},"4":{"name":"(anonymous_4)","decl":{"start":{"line":108,"column":27},"end":{"line":108,"column":28}},"loc":{"start":{"line":108,"column":47},"end":{"line":129,"column":1}},"line":108},"5":{"name":"(anonymous_5)","decl":{"start":{"line":133,"column":24},"end":{"line":133,"column":25}},"loc":{"start":{"line":133,"column":44},"end":{"line":155,"column":1}},"line":133}},"branchMap":{"0":{"loc":{"start":{"line":35,"column":8},"end":{"line":39,"column":9}},"type":"if","locations":[{"start":{"line":35,"column":8},"end":{"line":39,"column":9}},{"start":{"line":37,"column":15},"end":{"line":39,"column":9}}],"line":35},"1":{"loc":{"start":{"line":115,"column":8},"end":{"line":117,"column":9}},"type":"if","locations":[{"start":{"line":115,"column":8},"end":{"line":117,"column":9}},{"start":{},"end":{}}],"line":115},"2":{"loc":{"start":{"line":141,"column":8},"end":{"line":143,"column":9}},"type":"if","locations":[{"start":{"line":141,"column":8},"end":{"line":143,"column":9}},{"start":{},"end":{}}],"line":141}},"s":{"0":1,"1":1,"2":1,"3":1,"4":1,"5":1,"6":1,"7":1,"8":1,"9":1,"10":1,"11":1,"12":0,"13":0,"14":0,"15":1,"16":1,"17":1,"18":1,"19":1,"20":1,"21":1,"22":0,"23":0,"24":0,"25":1,"26":0,"27":0,"28":0,"29":0,"30":0,"31":0,"32":0,"33":0,"34":0,"35":0,"36":1,"37":0,"38":0,"39":0,"40":0,"41":0,"42":0,"43":0,"44":0,"45":1,"46":0,"47":0,"48":0,"49":0,"50":0,"51":0,"52":0,"53":0,"54":0,"55":1,"56":0,"57":0,"58":0,"59":0,"60":0,"61":0,"62":0,"63":0,"64":0,"65":0},"f":{"0":1,"1":1,"2":0,"3":0,"4":0,"5":0},"b":{"0":[1,0],"1":[0,0],"2":[0,0]},"_coverageSchema":"1a1c01bbd47fc00a2c39e90264f33305004495a9","hash":"f45bbaa3647a01b70d19b14f2dd9486e5b8d4298"}
,"C:\\Users\\Protu\\Desktop\\Σχολη\\PROJECTS\\node-cf\\usersApp\\controllers\\user.product.controller.js": {"path":"C:\\Users\\Protu\\Desktop\\Σχολη\\PROJECTS\\node-cf\\usersApp\\controllers\\user.product.controller.js","statementMap":{"0":{"start":{"line":1,"column":13},"end":{"line":1,"column":44}},"1":{"start":{"line":3,"column":0},"end":{"line":13,"column":1}},"2":{"start":{"line":4,"column":4},"end":{"line":4,"column":52}},"3":{"start":{"line":6,"column":4},"end":{"line":12,"column":5}},"4":{"start":{"line":7,"column":23},"end":{"line":7,"column":75}},"5":{"start":{"line":8,"column":8},"end":{"line":8,"column":59}},"6":{"start":{"line":10,"column":8},"end":{"line":10,"column":69}},"7":{"start":{"line":11,"column":8},"end":{"line":11,"column":57}},"8":{"start":{"line":15,"column":0},"end":{"line":27,"column":1}},"9":{"start":{"line":16,"column":4},"end":{"line":16,"column":50}},"10":{"start":{"line":18,"column":21},"end":{"line":18,"column":40}},"11":{"start":{"line":20,"column":4},"end":{"line":26,"column":5}},"12":{"start":{"line":21,"column":23},"end":{"line":21,"column":97}},"13":{"start":{"line":22,"column":8},"end":{"line":22,"column":60}},"14":{"start":{"line":24,"column":8},"end":{"line":24,"column":63}},"15":{"start":{"line":25,"column":8},"end":{"line":25,"column":57}},"16":{"start":{"line":29,"column":0},"end":{"line":49,"column":1}},"17":{"start":{"line":30,"column":4},"end":{"line":30,"column":42}},"18":{"start":{"line":32,"column":21},"end":{"line":32,"column":38}},"19":{"start":{"line":33,"column":21},"end":{"line":33,"column":38}},"20":{"start":{"line":36,"column":4},"end":{"line":48,"column":5}},"21":{"start":{"line":37,"column":23},"end":{"line":43,"column":9}},"22":{"start":{"line":44,"column":8},"end":{"line":44,"column":59}},"23":{"start":{"line":46,"column":8},"end":{"line":46,"column":56}},"24":{"start":{"line":47,"column":8},"end":{"line":47,"column":57}},"25":{"start":{"line":51,"column":0},"end":{"line":73,"column":1}},"26":{"start":{"line":53,"column":4},"end":{"line":53,"column":44}},"27":{"start":{"line":55,"column":21},"end":{"line":55,"column":38}},"28":{"start":{"line":56,"column":23},"end":{"line":56,"column":43}},"29":{"start":{"line":57,"column":29},"end":{"line":57,"column":54}},"30":{"start":{"line":59,"column":4},"end":{"line":59,"column":57}},"31":{"start":{"line":61,"column":4},"end":{"line":72,"column":5}},"32":{"start":{"line":62,"column":23},"end":{"line":67,"column":9}},"33":{"start":{"line":68,"column":8},"end":{"line":68,"column":59}},"34":{"start":{"line":70,"column":8},"end":{"line":70,"column":55}},"35":{"start":{"line":71,"column":8},"end":{"line":71,"column":57}},"36":{"start":{"line":76,"column":0},"end":{"line":96,"column":1}},"37":{"start":{"line":77,"column":21},"end":{"line":77,"column":40}},"38":{"start":{"line":78,"column":23},"end":{"line":78,"column":36}},"39":{"start":{"line":80,"column":4},"end":{"line":80,"column":55}},"40":{"start":{"line":82,"column":4},"end":{"line":95,"column":5}},"41":{"start":{"line":83,"column":23},"end":{"line":90,"column":9}},"42":{"start":{"line":91,"column":8},"end":{"line":91,"column":59}},"43":{"start":{"line":93,"column":8},"end":{"line":93,"column":55}},"44":{"start":{"line":94,"column":8},"end":{"line":94,"column":57}},"45":{"start":{"line":98,"column":0},"end":{"line":129,"column":1}},"46":{"start":{"line":99,"column":4},"end":{"line":99,"column":73}},"47":{"start":{"line":101,"column":4},"end":{"line":128,"column":5}},"48":{"start":{"line":102,"column":21},"end":{"line":123,"column":8}},"49":{"start":{"line":124,"column":6},"end":{"line":124,"column":55}},"50":{"start":{"line":126,"column":6},"end":{"line":126,"column":44}},"51":{"start":{"line":127,"column":6},"end":{"line":127,"column":55}}},"fnMap":{"0":{"name":"(anonymous_0)","decl":{"start":{"line":3,"column":18},"end":{"line":3,"column":19}},"loc":{"start":{"line":3,"column":38},"end":{"line":13,"column":1}},"line":3},"1":{"name":"(anonymous_1)","decl":{"start":{"line":15,"column":18},"end":{"line":15,"column":19}},"loc":{"start":{"line":15,"column":38},"end":{"line":27,"column":1}},"line":15},"2":{"name":"(anonymous_2)","decl":{"start":{"line":29,"column":17},"end":{"line":29,"column":18}},"loc":{"start":{"line":29,"column":37},"end":{"line":49,"column":1}},"line":29},"3":{"name":"(anonymous_3)","decl":{"start":{"line":51,"column":17},"end":{"line":51,"column":18}},"loc":{"start":{"line":51,"column":37},"end":{"line":73,"column":1}},"line":51},"4":{"name":"(anonymous_4)","decl":{"start":{"line":76,"column":17},"end":{"line":76,"column":18}},"loc":{"start":{"line":76,"column":37},"end":{"line":96,"column":1}},"line":76},"5":{"name":"(anonymous_5)","decl":{"start":{"line":98,"column":17},"end":{"line":98,"column":18}},"loc":{"start":{"line":98,"column":36},"end":{"line":129,"column":1}},"line":98}},"branchMap":{},"s":{"0":1,"1":1,"2":0,"3":0,"4":0,"5":0,"6":0,"7":0,"8":1,"9":0,"10":0,"11":0,"12":0,"13":0,"14":0,"15":0,"16":1,"17":0,"18":0,"19":0,"20":0,"21":0,"22":0,"23":0,"24":0,"25":1,"26":0,"27":0,"28":0,"29":0,"30":0,"31":0,"32":0,"33":0,"34":0,"35":0,"36":1,"37":0,"38":0,"39":0,"40":0,"41":0,"42":0,"43":0,"44":0,"45":1,"46":0,"47":0,"48":0,"49":0,"50":0,"51":0},"f":{"0":0,"1":0,"2":0,"3":0,"4":0,"5":0},"b":{},"_coverageSchema":"1a1c01bbd47fc00a2c39e90264f33305004495a9","hash":"3dda29d83e989cac7cf574445c303c9cc06bc71d"}
,"C:\\Users\\Protu\\Desktop\\Σχολη\\PROJECTS\\node-cf\\usersApp\\logger\\logger.js": {"path":"C:\\Users\\Protu\\Desktop\\Σχολη\\PROJECTS\\node-cf\\usersApp\\logger\\logger.js","statementMap":{"0":{"start":{"line":37,"column":0},"end":{"line":37,"column":37}},"1":{"start":{"line":38,"column":0},"end":{"line":38,"column":26}},"2":{"start":{"line":39,"column":45},"end":{"line":39,"column":63}},"3":{"start":{"line":40,"column":59},"end":{"line":40,"column":65}},"4":{"start":{"line":41,"column":18},"end":{"line":41,"column":37}},"5":{"start":{"line":43,"column":28},"end":{"line":48,"column":2}},"6":{"start":{"line":50,"column":15},"end":{"line":87,"column":2}},"7":{"start":{"line":89,"column":0},"end":{"line":89,"column":24}}},"fnMap":{},"branchMap":{},"s":{"0":1,"1":1,"2":1,"3":1,"4":1,"5":1,"6":1,"7":1},"f":{},"b":{},"_coverageSchema":"1a1c01bbd47fc00a2c39e90264f33305004495a9","hash":"0848bea3f90d9839cdeafc24956d8673282f271b"}
,"C:\\Users\\Protu\\Desktop\\Σχολη\\PROJECTS\\node-cf\\usersApp\\middlewares\\auth.middleware.js": {"path":"C:\\Users\\Protu\\Desktop\\Σχολη\\PROJECTS\\node-cf\\usersApp\\middlewares\\auth.middleware.js","statementMap":{"0":{"start":{"line":1,"column":12},"end":{"line":1,"column":35}},"1":{"start":{"line":2,"column":20},"end":{"line":2,"column":55}},"2":{"start":{"line":5,"column":21},"end":{"line":5,"column":49}},"3":{"start":{"line":7,"column":16},"end":{"line":7,"column":54}},"4":{"start":{"line":9,"column":2},"end":{"line":11,"column":3}},"5":{"start":{"line":10,"column":4},"end":{"line":10,"column":93}},"6":{"start":{"line":13,"column":17},"end":{"line":13,"column":53}},"7":{"start":{"line":15,"column":2},"end":{"line":21,"column":3}},"8":{"start":{"line":16,"column":4},"end":{"line":16,"column":26}},"9":{"start":{"line":18,"column":4},"end":{"line":18,"column":10}},"10":{"start":{"line":20,"column":4},"end":{"line":20,"column":67}},"11":{"start":{"line":25,"column":2},"end":{"line":41,"column":3}},"12":{"start":{"line":27,"column":4},"end":{"line":29,"column":5}},"13":{"start":{"line":28,"column":6},"end":{"line":28,"column":85}},"14":{"start":{"line":31,"column":22},"end":{"line":31,"column":36}},"15":{"start":{"line":34,"column":26},"end":{"line":34,"column":57}},"16":{"start":{"line":36,"column":4},"end":{"line":38,"column":5}},"17":{"start":{"line":37,"column":6},"end":{"line":37,"column":95}},"18":{"start":{"line":40,"column":4},"end":{"line":40,"column":10}},"19":{"start":{"line":44,"column":0},"end":{"line":44,"column":45}}},"fnMap":{"0":{"name":"verifyToken","decl":{"start":{"line":4,"column":9},"end":{"line":4,"column":20}},"loc":{"start":{"line":4,"column":37},"end":{"line":22,"column":1}},"line":4},"1":{"name":"verifyRoles","decl":{"start":{"line":24,"column":9},"end":{"line":24,"column":20}},"loc":{"start":{"line":24,"column":34},"end":{"line":42,"column":1}},"line":24},"2":{"name":"(anonymous_2)","decl":{"start":{"line":25,"column":9},"end":{"line":25,"column":10}},"loc":{"start":{"line":25,"column":29},"end":{"line":41,"column":3}},"line":25}},"branchMap":{"0":{"loc":{"start":{"line":7,"column":16},"end":{"line":7,"column":54}},"type":"binary-expr","locations":[{"start":{"line":7,"column":16},"end":{"line":7,"column":26}},{"start":{"line":7,"column":30},"end":{"line":7,"column":54}}],"line":7},"1":{"loc":{"start":{"line":9,"column":2},"end":{"line":11,"column":3}},"type":"if","locations":[{"start":{"line":9,"column":2},"end":{"line":11,"column":3}},{"start":{},"end":{}}],"line":9},"2":{"loc":{"start":{"line":15,"column":2},"end":{"line":21,"column":3}},"type":"if","locations":[{"start":{"line":15,"column":2},"end":{"line":21,"column":3}},{"start":{"line":19,"column":9},"end":{"line":21,"column":3}}],"line":15},"3":{"loc":{"start":{"line":27,"column":4},"end":{"line":29,"column":5}},"type":"if","locations":[{"start":{"line":27,"column":4},"end":{"line":29,"column":5}},{"start":{},"end":{}}],"line":27},"4":{"loc":{"start":{"line":27,"column":8},"end":{"line":27,"column":36}},"type":"binary-expr","locations":[{"start":{"line":27,"column":8},"end":{"line":27,"column":17}},{"start":{"line":27,"column":21},"end":{"line":27,"column":36}}],"line":27},"5":{"loc":{"start":{"line":36,"column":4},"end":{"line":38,"column":5}},"type":"if","locations":[{"start":{"line":36,"column":4},"end":{"line":38,"column":5}},{"start":{},"end":{}}],"line":36}},"s":{"0":1,"1":1,"2":2,"3":2,"4":2,"5":0,"6":2,"7":2,"8":2,"9":2,"10":0,"11":4,"12":0,"13":0,"14":0,"15":0,"16":0,"17":0,"18":0,"19":1},"f":{"0":2,"1":4,"2":0},"b":{"0":[2,2],"1":[0,2],"2":[2,0],"3":[0,0],"4":[0,0],"5":[0,0]},"_coverageSchema":"1a1c01bbd47fc00a2c39e90264f33305004495a9","hash":"de76728e7f38f48e836db4d74b1a5a29b91dfb36"}
,"C:\\Users\\Protu\\Desktop\\Σχολη\\PROJECTS\\node-cf\\usersApp\\models\\user.model.js": {"path":"C:\\Users\\Protu\\Desktop\\Σχολη\\PROJECTS\\node-cf\\usersApp\\models\\user.model.js","statementMap":{"0":{"start":{"line":1,"column":17},"end":{"line":1,"column":36}},"1":{"start":{"line":3,"column":15},"end":{"line":3,"column":30}},"2":{"start":{"line":5,"column":20},"end":{"line":8,"column":16}},"3":{"start":{"line":10,"column":18},"end":{"line":13,"column":16}},"4":{"start":{"line":15,"column":21},"end":{"line":20,"column":2}},"5":{"start":{"line":22,"column":17},"end":{"line":71,"column":2}},"6":{"start":{"line":73,"column":0},"end":{"line":73,"column":51}}},"fnMap":{},"branchMap":{},"s":{"0":1,"1":1,"2":1,"3":1,"4":1,"5":1,"6":1},"f":{},"b":{},"_coverageSchema":"1a1c01bbd47fc00a2c39e90264f33305004495a9","hash":"f44348e1ccfcee354c32c73875d8fcd619709f78"}
,"C:\\Users\\Protu\\Desktop\\Σχολη\\PROJECTS\\node-cf\\usersApp\\routes\\auth.routes.js": {"path":"C:\\Users\\Protu\\Desktop\\Σχολη\\PROJECTS\\node-cf\\usersApp\\routes\\auth.routes.js","statementMap":{"0":{"start":{"line":1,"column":16},"end":{"line":1,"column":34}},"1":{"start":{"line":2,"column":15},"end":{"line":2,"column":31}},"2":{"start":{"line":4,"column":23},"end":{"line":4,"column":64}},"3":{"start":{"line":6,"column":0},"end":{"line":6,"column":44}},"4":{"start":{"line":7,"column":0},"end":{"line":7,"column":59}},"5":{"start":{"line":9,"column":0},"end":{"line":9,"column":24}}},"fnMap":{},"branchMap":{},"s":{"0":1,"1":1,"2":1,"3":1,"4":1,"5":1},"f":{},"b":{},"_coverageSchema":"1a1c01bbd47fc00a2c39e90264f33305004495a9","hash":"7a25e0623249019538cc25c6f0e4ef6538c8c9c3"}
,"C:\\Users\\Protu\\Desktop\\Σχολη\\PROJECTS\\node-cf\\usersApp\\routes\\user.products.routes.js": {"path":"C:\\Users\\Protu\\Desktop\\Σχολη\\PROJECTS\\node-cf\\usersApp\\routes\\user.products.routes.js","statementMap":{"0":{"start":{"line":1,"column":16},"end":{"line":1,"column":34}},"1":{"start":{"line":2,"column":15},"end":{"line":2,"column":31}},"2":{"start":{"line":4,"column":31},"end":{"line":4,"column":80}},"3":{"start":{"line":6,"column":0},"end":{"line":6,"column":48}},"4":{"start":{"line":7,"column":0},"end":{"line":7,"column":56}},"5":{"start":{"line":8,"column":0},"end":{"line":8,"column":47}},"6":{"start":{"line":9,"column":0},"end":{"line":9,"column":57}},"7":{"start":{"line":10,"column":0},"end":{"line":10,"column":71}},"8":{"start":{"line":11,"column":0},"end":{"line":11,"column":59}},"9":{"start":{"line":13,"column":0},"end":{"line":13,"column":24}}},"fnMap":{},"branchMap":{},"s":{"0":1,"1":1,"2":1,"3":1,"4":1,"5":1,"6":1,"7":1,"8":1,"9":1},"f":{},"b":{},"_coverageSchema":"1a1c01bbd47fc00a2c39e90264f33305004495a9","hash":"dff51e133dcecf94667e382109454bc439ae5813"}
,"C:\\Users\\Protu\\Desktop\\Σχολη\\PROJECTS\\node-cf\\usersApp\\routes\\user.routes.js": {"path":"C:\\Users\\Protu\\Desktop\\Σχολη\\PROJECTS\\node-cf\\usersApp\\routes\\user.routes.js","statementMap":{"0":{"start":{"line":1,"column":16},"end":{"line":1,"column":34}},"1":{"start":{"line":3,"column":15},"end":{"line":3,"column":31}},"2":{"start":{"line":5,"column":23},"end":{"line":5,"column":64}},"3":{"start":{"line":6,"column":30},"end":{"line":6,"column":65}},"4":{"start":{"line":7,"column":20},"end":{"line":7,"column":73}},"5":{"start":{"line":8,"column":20},"end":{"line":8,"column":73}},"6":{"start":{"line":10,"column":0},"end":{"line":10,"column":53}},"7":{"start":{"line":11,"column":0},"end":{"line":11,"column":61}},"8":{"start":{"line":12,"column":0},"end":{"line":12,"column":74}},"9":{"start":{"line":13,"column":0},"end":{"line":13,"column":84}},"10":{"start":{"line":14,"column":0},"end":{"line":14,"column":95}},"11":{"start":{"line":15,"column":0},"end":{"line":15,"column":105}},"12":{"start":{"line":16,"column":0},"end":{"line":16,"column":24}}},"fnMap":{},"branchMap":{},"s":{"0":1,"1":1,"2":1,"3":1,"4":1,"5":1,"6":1,"7":1,"8":1,"9":1,"10":1,"11":1,"12":1},"f":{},"b":{},"_coverageSchema":"1a1c01bbd47fc00a2c39e90264f33305004495a9","hash":"26879abeec6903a863077ee47cd72e6e47b76a54"}
,"C:\\Users\\Protu\\Desktop\\Σχολη\\PROJECTS\\node-cf\\usersApp\\services\\auth.service.js": {"path":"C:\\Users\\Protu\\Desktop\\Σχολη\\PROJECTS\\node-cf\\usersApp\\services\\auth.service.js","statementMap":{"0":{"start":{"line":1,"column":12},"end":{"line":1,"column":35}},"1":{"start":{"line":2,"column":25},"end":{"line":2,"column":55}},"2":{"start":{"line":6,"column":2},"end":{"line":6,"column":36}},"3":{"start":{"line":8,"column":18},"end":{"line":12,"column":3}},"4":{"start":{"line":14,"column":17},"end":{"line":14,"column":41}},"5":{"start":{"line":15,"column":18},"end":{"line":15,"column":36}},"6":{"start":{"line":17,"column":2},"end":{"line":17,"column":44}},"7":{"start":{"line":21,"column":17},"end":{"line":21,"column":41}},"8":{"start":{"line":23,"column":2},"end":{"line":30,"column":3}},"9":{"start":{"line":24,"column":20},"end":{"line":24,"column":45}},"10":{"start":{"line":26,"column":4},"end":{"line":26,"column":40}},"11":{"start":{"line":27,"column":4},"end":{"line":27,"column":44}},"12":{"start":{"line":29,"column":4},"end":{"line":29,"column":49}},"13":{"start":{"line":34,"column":2},"end":{"line":34,"column":29}},"14":{"start":{"line":35,"column":20},"end":{"line":35,"column":48}},"15":{"start":{"line":36,"column":24},"end":{"line":36,"column":56}},"16":{"start":{"line":37,"column":23},"end":{"line":37,"column":47}},"17":{"start":{"line":39,"column":23},"end":{"line":39,"column":79}},"18":{"start":{"line":42,"column":2},"end":{"line":58,"column":3}},"19":{"start":{"line":44,"column":23},"end":{"line":44,"column":56}},"20":{"start":{"line":45,"column":4},"end":{"line":45,"column":39}},"21":{"start":{"line":47,"column":19},"end":{"line":50,"column":6}},"22":{"start":{"line":52,"column":21},"end":{"line":52,"column":46}},"23":{"start":{"line":53,"column":4},"end":{"line":53,"column":40}},"24":{"start":{"line":54,"column":4},"end":{"line":54,"column":36}},"25":{"start":{"line":56,"column":4},"end":{"line":56,"column":54}},"26":{"start":{"line":57,"column":4},"end":{"line":57,"column":55}},"27":{"start":{"line":63,"column":0},"end":{"line":63,"column":71}}},"fnMap":{"0":{"name":"generateAccessToken","decl":{"start":{"line":4,"column":9},"end":{"line":4,"column":28}},"loc":{"start":{"line":4,"column":34},"end":{"line":18,"column":1}},"line":4},"1":{"name":"verifyAccessToken","decl":{"start":{"line":20,"column":9},"end":{"line":20,"column":26}},"loc":{"start":{"line":20,"column":33},"end":{"line":31,"column":1}},"line":20},"2":{"name":"googleAuth","decl":{"start":{"line":33,"column":15},"end":{"line":33,"column":25}},"loc":{"start":{"line":33,"column":32},"end":{"line":60,"column":1}},"line":33}},"branchMap":{},"s":{"0":1,"1":1,"2":2,"3":2,"4":2,"5":2,"6":2,"7":2,"8":2,"9":2,"10":2,"11":2,"12":0,"13":0,"14":0,"15":0,"16":0,"17":0,"18":0,"19":0,"20":0,"21":0,"22":0,"23":0,"24":0,"25":0,"26":0,"27":1},"f":{"0":2,"1":2,"2":0},"b":{},"_coverageSchema":"1a1c01bbd47fc00a2c39e90264f33305004495a9","hash":"c73082244b7cdf010f6ba794cc5f2c80ba8cfabc"}
,"C:\\Users\\Protu\\Desktop\\Σχολη\\PROJECTS\\node-cf\\usersApp\\services\\user.services.js": {"path":"C:\\Users\\Protu\\Desktop\\Σχολη\\PROJECTS\\node-cf\\usersApp\\services\\user.services.js","statementMap":{"0":{"start":{"line":1,"column":13},"end":{"line":1,"column":44}},"1":{"start":{"line":5,"column":19},"end":{"line":5,"column":30}},"2":{"start":{"line":6,"column":4},"end":{"line":6,"column":18}},"3":{"start":{"line":10,"column":19},"end":{"line":10,"column":53}},"4":{"start":{"line":11,"column":4},"end":{"line":11,"column":18}},"5":{"start":{"line":15,"column":4},"end":{"line":15,"column":43}},"6":{"start":{"line":17,"column":4},"end":{"line":24,"column":5}},"7":{"start":{"line":18,"column":21},"end":{"line":18,"column":62}},"8":{"start":{"line":19,"column":6},"end":{"line":19,"column":70}},"9":{"start":{"line":20,"column":6},"end":{"line":20,"column":22}},"10":{"start":{"line":22,"column":6},"end":{"line":22,"column":64}},"11":{"start":{"line":23,"column":6},"end":{"line":23,"column":18}},"12":{"start":{"line":27,"column":0},"end":{"line":27,"column":57}}},"fnMap":{"0":{"name":"findAll","decl":{"start":{"line":4,"column":9},"end":{"line":4,"column":16}},"loc":{"start":{"line":4,"column":19},"end":{"line":7,"column":1}},"line":4},"1":{"name":"findOne","decl":{"start":{"line":9,"column":9},"end":{"line":9,"column":16}},"loc":{"start":{"line":9,"column":27},"end":{"line":12,"column":1}},"line":9},"2":{"name":"findLastInsertedUser","decl":{"start":{"line":14,"column":15},"end":{"line":14,"column":35}},"loc":{"start":{"line":14,"column":37},"end":{"line":25,"column":3}},"line":14}},"branchMap":{},"s":{"0":1,"1":1,"2":1,"3":1,"4":1,"5":1,"6":1,"7":1,"8":1,"9":1,"10":0,"11":0,"12":1},"f":{"0":1,"1":1,"2":1},"b":{},"_coverageSchema":"1a1c01bbd47fc00a2c39e90264f33305004495a9","hash":"ddb4b9c84eadf42da037f614835de9d03231393a"}
}
