TN:
SF:app.js
FNF:0
FNH:0
DA:1,1
DA:2,1
DA:3,1
DA:5,1
DA:6,1
DA:8,1
DA:9,1
DA:11,1
DA:12,1
DA:13,1
DA:19,1
DA:20,1
DA:21,1
DA:23,1
DA:25,1
DA:32,1
LF:16
LH:16
BRF:0
BRH:0
end_of_record
TN:
SF:swagger.js
FNF:0
FNH:0
DA:1,1
DA:2,1
DA:4,1
LF:3
LH:3
BRF:0
BRH:0
end_of_record
TN:
SF:controllers\auth.controller.js
FN:5,(anonymous_0)
FN:29,(anonymous_1)
FNF:2
FNH:0
FNDA:0,(anonymous_0)
FNDA:0,(anonymous_1)
DA:1,1
DA:2,1
DA:3,1
DA:5,1
DA:6,0
DA:8,0
DA:9,0
DA:11,0
DA:12,0
DA:13,0
DA:14,0
DA:17,0
DA:18,0
DA:19,0
DA:21,0
DA:24,0
DA:25,0
DA:29,1
DA:30,0
DA:32,0
DA:33,0
DA:35,0
DA:36,0
DA:37,0
DA:38,0
DA:41,0
LF:26
LH:5
BRDA:17,0,0,0
BRDA:17,0,1,0
BRDA:17,1,0,0
BRDA:17,1,1,0
BRDA:17,1,2,0
BRDA:32,2,0,0
BRDA:32,2,1,0
BRDA:36,3,0,0
BRDA:36,3,1,0
BRF:9
BRH:0
end_of_record
TN:
SF:controllers\user.controller.js
FN:7,(anonymous_0)
FN:25,(anonymous_1)
FN:50,(anonymous_2)
FN:85,(anonymous_3)
FN:112,(anonymous_4)
FN:137,(anonymous_5)
FNF:6
FNH:3
FNDA:1,(anonymous_0)
FNDA:1,(anonymous_1)
FNDA:4,(anonymous_2)
FNDA:0,(anonymous_3)
FNDA:0,(anonymous_4)
FNDA:0,(anonymous_5)
DA:1,1
DA:2,1
DA:3,1
DA:5,1
DA:7,1
DA:8,1
DA:10,1
DA:12,1
DA:13,1
DA:14,1
DA:15,1
DA:16,1
DA:18,0
DA:19,0
DA:21,0
DA:25,1
DA:26,1
DA:28,1
DA:30,1
DA:33,1
DA:35,1
DA:36,1
DA:38,0
DA:43,0
DA:45,0
DA:50,1
DA:51,4
DA:53,4
DA:55,4
DA:57,4
DA:59,4
DA:60,3
DA:62,4
DA:74,4
DA:75,4
DA:77,1
DA:79,3
DA:80,3
DA:85,1
DA:86,0
DA:88,0
DA:90,0
DA:100,0
DA:101,0
DA:104,0
DA:106,0
DA:107,0
DA:112,1
DA:113,0
DA:114,0
DA:116,0
DA:117,0
DA:119,0
DA:120,0
DA:123,0
DA:129,0
DA:131,0
DA:137,1
DA:138,0
DA:139,0
DA:140,0
DA:142,0
DA:143,0
DA:145,0
DA:146,0
DA:149,0
DA:153,0
DA:155,0
LF:68
LH:35
BRDA:35,0,0,1
BRDA:35,0,1,0
BRDA:59,1,0,3
BRDA:59,1,1,1
BRDA:119,2,0,0
BRDA:119,2,1,0
BRDA:145,3,0,0
BRDA:145,3,1,0
BRF:8
BRH:3
end_of_record
TN:
SF:controllers\user.product.controller.js
FN:3,(anonymous_0)
FN:15,(anonymous_1)
FN:29,(anonymous_2)
FN:51,(anonymous_3)
FN:76,(anonymous_4)
FN:98,(anonymous_5)
FNF:6
FNH:0
FNDA:0,(anonymous_0)
FNDA:0,(anonymous_1)
FNDA:0,(anonymous_2)
FNDA:0,(anonymous_3)
FNDA:0,(anonymous_4)
FNDA:0,(anonymous_5)
DA:1,1
DA:3,1
DA:4,0
DA:6,0
DA:7,0
DA:8,0
DA:10,0
DA:11,0
DA:15,1
DA:16,0
DA:18,0
DA:20,0
DA:21,0
DA:22,0
DA:24,0
DA:25,0
DA:29,1
DA:30,0
DA:32,0
DA:33,0
DA:36,0
DA:37,0
DA:44,0
DA:46,0
DA:47,0
DA:51,1
DA:53,0
DA:55,0
DA:56,0
DA:57,0
DA:59,0
DA:61,0
DA:62,0
DA:68,0
DA:70,0
DA:71,0
DA:76,1
DA:77,0
DA:78,0
DA:80,0
DA:82,0
DA:83,0
DA:91,0
DA:93,0
DA:94,0
DA:98,1
DA:99,0
DA:101,0
DA:102,0
DA:124,0
DA:126,0
DA:127,0
LF:52
LH:7
BRF:0
BRH:0
end_of_record
TN:
SF:logger\logger.js
FNF:0
FNH:0
DA:37,1
DA:38,1
DA:39,1
DA:40,1
DA:41,1
DA:43,1
DA:50,1
DA:89,1
LF:8
LH:8
BRF:0
BRH:0
end_of_record
TN:
SF:middlewares\auth.middleware.js
FN:4,verifyToken
FN:24,verifyRoles
FN:25,(anonymous_2)
FNF:3
FNH:3
FNDA:6,verifyToken
FNDA:4,verifyRoles
FNDA:4,(anonymous_2)
DA:1,1
DA:2,1
DA:5,6
DA:7,6
DA:9,6
DA:10,0
DA:13,6
DA:15,6
DA:16,6
DA:18,6
DA:20,0
DA:25,4
DA:27,4
DA:28,0
DA:31,4
DA:34,4
DA:36,4
DA:37,0
DA:40,4
DA:44,1
LF:20
LH:16
BRDA:7,0,0,6
BRDA:7,0,1,6
BRDA:9,1,0,0
BRDA:9,1,1,6
BRDA:15,2,0,6
BRDA:15,2,1,0
BRDA:27,3,0,0
BRDA:27,3,1,4
BRDA:27,4,0,4
BRDA:27,4,1,4
BRDA:36,5,0,0
BRDA:36,5,1,4
BRF:12
BRH:8
end_of_record
TN:
SF:models\user.model.js
FNF:0
FNH:0
DA:1,1
DA:3,1
DA:5,1
DA:10,1
DA:15,1
DA:22,1
DA:73,1
LF:7
LH:7
BRF:0
BRH:0
end_of_record
TN:
SF:routes\auth.routes.js
FNF:0
FNH:0
DA:1,1
DA:2,1
DA:4,1
DA:6,1
DA:7,1
DA:9,1
LF:6
LH:6
BRF:0
BRH:0
end_of_record
TN:
SF:routes\user.products.routes.js
FNF:0
FNH:0
DA:1,1
DA:2,1
DA:4,1
DA:6,1
DA:7,1
DA:8,1
DA:9,1
DA:10,1
DA:11,1
DA:13,1
LF:10
LH:10
BRF:0
BRH:0
end_of_record
TN:
SF:routes\user.routes.js
FNF:0
FNH:0
DA:1,1
DA:3,1
DA:5,1
DA:6,1
DA:7,1
DA:8,1
DA:10,1
DA:11,1
DA:12,1
DA:13,1
DA:14,1
DA:15,1
DA:16,1
LF:13
LH:13
BRF:0
BRH:0
end_of_record
TN:
SF:services\auth.service.js
FN:4,generateAccessToken
FN:20,verifyAccessToken
FN:33,googleAuth
FNF:3
FNH:2
FNDA:2,generateAccessToken
FNDA:6,verifyAccessToken
FNDA:0,googleAuth
DA:1,1
DA:2,1
DA:8,2
DA:14,2
DA:15,2
DA:17,2
DA:21,6
DA:23,6
DA:24,6
DA:27,6
DA:29,0
DA:34,0
DA:35,0
DA:36,0
DA:37,0
DA:39,0
DA:42,0
DA:44,0
DA:45,0
DA:47,0
DA:52,0
DA:53,0
DA:54,0
DA:56,0
DA:57,0
DA:63,1
LF:26
LH:11
BRF:0
BRH:0
end_of_record
TN:
SF:services\user.services.js
FN:4,findAll
FN:9,findOne
FN:14,findLastInsertedUser
FNF:3
FNH:3
FNDA:1,findAll
FNDA:1,findOne
FNDA:1,findLastInsertedUser
DA:1,1
DA:5,1
DA:6,1
DA:10,1
DA:11,1
DA:15,1
DA:17,1
DA:18,1
DA:19,1
DA:20,1
DA:22,0
DA:23,0
DA:27,1
LF:13
LH:11
BRF:0
BRH:0
end_of_record
